[
  {
    "timestamp": "2025-12-26T15:45:59.553Z",
    "email": "Yra222225522@gmail.com",
    "username": "Юрий",
    "code": "400261",
    "note": "Код сохранён в файл т.к. email не отправился"
  },
  {
    "timestamp": "2025-12-26T16:08:49.214Z",
    "email": "Huiebanii123456@gmail.com",
    "username": "Олег",
    "code": "443514",
    "note": "Код сохранён в файл т.к. email не отправился"
  },
  {
    "timestamp": "2025-12-26T16:13:00.666Z",
    "email": "N1zel1x3@gmail.com",
    "username": "Володя",
    "code": "704429",
    "note": "Код сохранён в файл т.к. email не отправился"
  },
  {
    "timestamp": "2025-12-26T16:13:42.682Z",
    "email": "N1zel1x3@gmail.com",
    "username": "Володя",
    "code": "741011",
    "note": "Код сохранён в файл т.к. email не отправился"
  },
  {
    "timestamp": "2025-12-26T16:15:23.305Z",
    "email": "N1zel1x3@gmail.com",
    "username": "Володя",
    "code": "117550",
    "note": "Код сохранён в файл т.к. email не отправился"
  },
  {
    "timestamp": "2025-12-26T16:16:16.443Z",
    "email": "N1zel1x3@gmail.com",
    "username": "Володя",
    "code": "717350",
    "note": "Код сохранён в файл т.к. email не отправился"
  },
  {
    "timestamp": "2025-12-26T16:42:26.633Z",
    "email": "Yra222225522@gmail.com",
    "username": "Юрий",
    "code": "160739",
    "note": "Код сохранён в файл т.к. email не отправился"
  },
  {
    "timestamp": "2025-12-26T16:47:34.564Z",
    "email": "Yra222225522@gmail.com",
    "username": "Юрий",
    "code": "679411",
    "note": "Код сохранён в файл т.к. email не отправился"
  },
  {
    "timestamp": "2025-12-26T16:47:40.946Z",
    "email": "Yra222225522@gmail.com",
    "username": "Юрий",
    "code": "217899",
    "note": "Код сохранён в файл т.к. email не отправился"
  },
  {
    "timestamp": "2025-12-26T16:47:42.276Z",
    "email": "Yra222225522@gmail.com",
    "username": "Юрий",
    "code": "252978",
    "note": "Код сохранён в файл т.к. email не отправился"
  },
  {
    "timestamp": "2025-12-26T16:47:54.552Z",
    "email": "Yra222225522@gmail.com",
    "username": "Юрий",
    "code": "708176",
    "note": "Код сохранён в файл т.к. email не отправился"
  }
]