2025-12-24 18:19:19: Database error: Error: connect ETIMEDOUT
    at PromisePool.execute (/root/projects/backup_diplom/client/express/node_modules/mysql2/lib/promise/pool.js:54:22)
    at /root/projects/backup_diplom/client/express/index.js:1986:46
    at Layer.handleRequest (/root/projects/backup_diplom/client/express/node_modules/router/lib/layer.js:152:17)
    at next (/root/projects/backup_diplom/client/express/node_modules/router/lib/route.js:157:13)
    at Route.dispatch (/root/projects/backup_diplom/client/express/node_modules/router/lib/route.js:117:3)
    at handle (/root/projects/backup_diplom/client/express/node_modules/router/index.js:435:11)
    at Layer.handleRequest (/root/projects/backup_diplom/client/express/node_modules/router/lib/layer.js:152:17)
    at /root/projects/backup_diplom/client/express/node_modules/router/index.js:295:15
    at processParams (/root/projects/backup_diplom/client/express/node_modules/router/index.js:582:12)
    at next (/root/projects/backup_diplom/client/express/node_modules/router/index.js:291:5) {
  code: 'ETIMEDOUT',
  errno: undefined,
  sql: undefined,
  sqlState: undefined,
  sqlMessage: undefined
}
2025-12-24 18:19:25: ❌ Ошибка подключения к SMTP серверу: Error: Connection timeout
    at SMTPConnection._formatError (/root/projects/backup_diplom/client/express/node_modules/nodemailer/lib/smtp-connection/index.js:809:19)
    at SMTPConnection._onError (/root/projects/backup_diplom/client/express/node_modules/nodemailer/lib/smtp-connection/index.js:795:20)
    at Timeout.<anonymous> (/root/projects/backup_diplom/client/express/node_modules/nodemailer/lib/smtp-connection/index.js:237:22)
    at listOnTimeout (node:internal/timers:588:17)
    at process.processTimers (node:internal/timers:523:7) {
  code: 'ETIMEDOUT',
  command: 'CONN'
}
2025-12-24 18:19:25: Проверьте настройки сети и данные для входа
2025-12-24 18:19:35: Ошибка автоматического обновления статусов: Error: connect ETIMEDOUT
    at PromisePool.execute (/root/projects/backup_diplom/client/express/node_modules/mysql2/lib/promise/pool.js:54:22)
    at Timeout._onTimeout (/root/projects/backup_diplom/client/express/index.js:1888:40)
    at listOnTimeout (node:internal/timers:588:17)
    at process.processTimers (node:internal/timers:523:7) {
  code: 'ETIMEDOUT',
  errno: undefined,
  sql: undefined,
  sqlState: undefined,
  sqlMessage: undefined
}
2025-12-24 18:21:19: Database error: Error: connect ETIMEDOUT
    at PromisePool.execute (/root/projects/backup_diplom/client/express/node_modules/mysql2/lib/promise/pool.js:54:22)
    at /root/projects/backup_diplom/client/express/index.js:1986:46
    at Layer.handleRequest (/root/projects/backup_diplom/client/express/node_modules/router/lib/layer.js:152:17)
    at next (/root/projects/backup_diplom/client/express/node_modules/router/lib/route.js:157:13)
    at Route.dispatch (/root/projects/backup_diplom/client/express/node_modules/router/lib/route.js:117:3)
    at handle (/root/projects/backup_diplom/client/express/node_modules/router/index.js:435:11)
    at Layer.handleRequest (/root/projects/backup_diplom/client/express/node_modules/router/lib/layer.js:152:17)
    at /root/projects/backup_diplom/client/express/node_modules/router/index.js:295:15
    at processParams (/root/projects/backup_diplom/client/express/node_modules/router/index.js:582:12)
    at next (/root/projects/backup_diplom/client/express/node_modules/router/index.js:291:5) {
  code: 'ETIMEDOUT',
  errno: undefined,
  sql: undefined,
  sqlState: undefined,
  sqlMessage: undefined
}
2025-12-24 18:21:33: ❌ Ошибка подключения к SMTP серверу: Error: Connection timeout
    at SMTPConnection._formatError (/root/projects/backup_diplom/client/express/node_modules/nodemailer/lib/smtp-connection/index.js:809:19)
    at SMTPConnection._onError (/root/projects/backup_diplom/client/express/node_modules/nodemailer/lib/smtp-connection/index.js:795:20)
    at Timeout.<anonymous> (/root/projects/backup_diplom/client/express/node_modules/nodemailer/lib/smtp-connection/index.js:237:22)
    at listOnTimeout (node:internal/timers:588:17)
    at process.processTimers (node:internal/timers:523:7) {
  code: 'ETIMEDOUT',
  command: 'CONN'
}
2025-12-24 18:21:33: Проверьте настройки сети и данные для входа
2025-12-24 18:21:43: Ошибка автоматического обновления статусов: Error: connect ETIMEDOUT
    at PromisePool.execute (/root/projects/backup_diplom/client/express/node_modules/mysql2/lib/promise/pool.js:54:22)
    at Timeout._onTimeout (/root/projects/backup_diplom/client/express/index.js:1888:40)
    at listOnTimeout (node:internal/timers:588:17)
    at process.processTimers (node:internal/timers:523:7) {
  code: 'ETIMEDOUT',
  errno: undefined,
  sql: undefined,
  sqlState: undefined,
  sqlMessage: undefined
}
